# SEGGER J-Link RTT Viewer V8.52 Terminal Log File
# Compiled: 12:07:30 on Jul 16 2025
# Logging started @ 09 Jul 2026 22:17:53
00> host_if_stub heartbeat=51 phase=ready_low set_ret=0 ready=0 cs=1 role=gateway_initiator backend=stub state=pre_spis
00> host_if_stub heartbeat=52 phase=ready_high set_ret=0 ready=1 cs=1 role=gateway_initiator backend=stub state=pre_spis
00> host_if_stub heartbeat=52 phase=ready_low set_ret=0 ready=0 cs=1 role=gateway_initiator backend=stub state=pre_spis
00> host_if_stub heartbeat=53 phase=ready_high set_ret=0 ready=1 cs=1 role=gateway_initiator backend=stub state=pre_spis
00> host_if_stub heartbeat=53 phase=ready_low set_ret=0 ready=0 cs=1 role=gateway_initiator backend=stub state=pre_spis
00> host_if_stub heartbeat=54 phase=ready_high set_ret=0 ready=1 cs=1 role=gateway_initiator backend=stub state=pre_spis
00> host_if_stub heartbeat=54 phase=ready_low set_ret=0 ready=0 cs=1 role=gateway_initiator backend=stub state=pre_spis
00> host_if_stub heartbeat=55 phase=ready_high set_ret=0 ready=1 cs=1 role=gateway_initiator backend=stub state=pre_spis
00> host_if_stub heartbeat=55 phase=ready_low set_ret=0 ready=0 cs=1 role=gateway_initiator backend=stub state=pre_spis
00> host_if_stub heartbeat=56 phase=ready_high set_ret=0 ready=1 cs=1 role=gateway_initiator backend=stub state=pre_spis
00> host_if_stub heartbeat=56 phase=ready_low set_ret=0 ready=0 cs=1 role=gateway_initiator backend=stub state=pre_spis
00> host_if_stub heartbeat=57 phase=ready_high set_ret=0 ready=1 cs=1 role=gateway_initiator backend=stub state=pre_spis
00> host_if_stub heartbeat=57 phase=ready_low set_ret=0 ready=0 cs=1 role=gateway_initiator backend=stub state=pre_spis
00> host_if_stub heartbeat=58 phase=ready_high set_ret=0 ready=1 cs=1 role=gateway_initiator backend=stub state=pre_spis
00> host_if_stub heartbeat=58 phase=ready_low set_ret=0 ready=0 cs=1 role=gateway_initiator backend=stub state=pre_spis
00> host_if_stub heartbeat=59 phase=ready_high set_ret=0 ready=1 cs=1 role=gateway_initiator backend=stub state=pre_spis
00> host_if_stub heartbeat=59 phase=ready_low set_ret=0 ready=0 cs=1 role=gateway_initiator backend=stub state=pre_spis
00> host_if_stub heartbeat=60 phase=ready_high set_ret=0 ready=1 cs=1 role=gateway_initiator backend=stub state=pre_spis
00> host_if_stub heartbeat=60 phase=ready_low set_ret=0 ready=0 cs=1 role=gateway_initiator backend=stub state=pre_spis
00> host_if_stub heartbeat=61 phase=ready_high set_ret=0 ready=1 cs=1 role=gateway_initiator backend=stub state=pre_spis
00> host_if_stub heartbeat=61 phase=ready_low set_ret=0 ready=0 cs=1 role=gateway_initiator backend=stub state=pre_spis
00> host_if_stub heartbeat=62 phase=ready_high set_ret=0 ready=1 cs=1 role=gateway_initiator backend=stub state=pre_spis
00> host_if_stub heartbeat=62 phase=ready_low set_ret=0 ready=0 cs=1 role=gateway_initiator backend=stub state=pre_spis
00> host_if_stub heartbeat=63 phase=ready_high set_ret=0 ready=1 cs=1 role=gateway_initiator backend=stub state=pre_spis
00> host_if_stub heartbeat=63 phase=ready_low set_ret=0 ready=0 cs=1 role=gateway_initiator backend=stub state=pre_spis
00> host_if_stub heartbeat=64 phase=ready_high set_ret=0 ready=1 cs=1 role=gateway_initiator backend=stub state=pre_spis
00> host_if_stub heartbeat=64 phase=ready_low set_ret=0 ready=0 cs=1 role=gateway_initiator backend=stub state=pre_spis
00> host_if_stub heartbeat=65 phase=ready_high set_ret=0 ready=1 cs=1 role=gateway_initiator backend=stub state=pre_spis
00> host_if_stub heartbeat=65 phase=ready_low set_ret=0 ready=0 cs=1 role=gateway_initiator backend=stub state=pre_spis
00> host_if_stub heartbeat=66 phase=ready_high set_ret=0 ready=1 cs=1 role=gateway_initiator backend=stub state=pre_spis
00> host_if_stub heartbeat=66 phase=ready_low set_ret=0 ready=0 cs=1 role=gateway_initiator backend=stub state=pre_spis
00> host_if_stub heartbeat=67 phase=ready_high set_ret=0 ready=1 cs=1 role=gateway_initiator backend=stub state=pre_spis
00> host_if_stub heartbeat=67 phase=ready_low set_ret=0 ready=0 cs=1 role=gateway_initiator backend=stub state=pre_spis
00> host_if_stub heartbeat=68 phase=ready_high set_ret=0 ready=1 cs=1 role=gateway_initiator backend=stub state=pre_spis
00> host_if_stub heartbeat=68 phase=ready_low set_ret=0 ready=0 cs=1 role=gateway_initiator backend=stub state=pre_spis
00> host_if_stub heartbeat=69 phase=ready_high set_ret=0 ready=1 cs=1 role=gateway_initiator backend=stub state=pre_spis
00> host_if_stub heartbeat=69 phase=ready_low set_ret=0 ready=0 cs=1 role=gateway_initiator backend=stub state=pre_spis
00> host_if_stub heartbeat=70 phase=ready_high set_ret=0 ready=1 cs=1 role=gateway_initiator backend=stub state=pre_spis
00> host_if_stub heartbeat=70 phase=ready_low set_ret=0 ready=0 cs=1 role=gateway_initiator backend=stub state=pre_spis
00> host_if_stub heartbeat=71 phase=ready_high set_ret=0 ready=1 cs=1 role=gateway_initiator backend=stub state=pre_spis
00> host_if_stub heartbeat=71 phase=ready_low set_ret=0 ready=0 cs=1 role=gateway_initiator backend=stub state=pre_spis
00> host_if_stub heartbeat=72 phase=ready_high set_ret=0 ready=1 cs=1 role=gateway_initiator backend=stub state=pre_spis
00> host_if_stub heartbeat=72 phase=ready_low set_ret=0 ready=0 cs=1 role=gateway_initiator backend=stub state=pre_spis
00> host_if_stub heartbeat=73 phase=ready_high set_ret=0 ready=1 cs=1 role=gateway_initiator backend=stub state=pre_spis
00> host_if_stub heartbeat=73 phase=ready_low set_ret=0 ready=0 cs=1 role=gateway_initiator backend=stub state=pre_spis
00> host_if_stub heartbeat=74 phase=ready_high set_ret=0 ready=1 cs=1 role=gateway_initiator backend=stub state=pre_spis
00> host_if_stub heartbeat=74 phase=ready_low set_ret=0 ready=0 cs=1 role=gateway_initiator backend=stub state=pre_spis
00> host_if_stub heartbeat=75 phase=ready_high set_ret=0 ready=1 cs=1 role=gateway_initiator backend=stub state=pre_spis
00> host_if_stub heartbeat=75 phase=ready_low set_ret=0 ready=0 cs=1 role=gateway_initiator backend=stub state=pre_spis
00> host_if_stub heartbeat=76 phase=ready_high set_ret=0 ready=1 cs=1 role=gateway_initiator backend=stub state=pre_spis
00> host_if_stub heartbeat=76 phase=ready_low set_ret=0 ready=0 cs=1 role=gateway_initiator backend=stub state=pre_spis
00> host_if_stub heartbeat=77 phase=ready_high set_ret=0 ready=1 cs=1 role=gateway_initiator backend=stub state=pre_spis
00> host_if_stub heartbeat=77 phase=ready_low set_ret=0 ready=0 cs=1 role=gateway_initiator backend=stub state=pre_spis
00> host_if_stub heartbeat=78 phase=ready_high set_ret=0 ready=1 cs=1 role=gateway_initiator backend=stub state=pre_spis
00> host_if_stub heartbeat=78 phase=ready_low set_ret=0 ready=0 cs=1 role=gateway_initiator backend=stub state=pre_spis
00> host_if_stub heartbeat=79 phase=ready_high set_ret=0 ready=1 cs=1 role=gateway_initiator backend=stub state=pre_spis
00> host_if_stub heartbeat=79 phase=ready_low set_ret=0 ready=0 cs=1 role=gateway_initiator backend=stub state=pre_spis
00> host_if_stub heartbeat=80 phase=ready_high set_ret=0 ready=1 cs=1 role=gateway_initiator backend=stub state=pre_spis
00> host_if_stub heartbeat=80 phase=ready_low set_ret=0 ready=0 cs=1 role=gateway_initiator backend=stub state=pre_spis
00> host_if_stub heartbeat=81 phase=ready_high set_ret=0 ready=1 cs=1 role=gateway_initiator backend=stub state=pre_spis
00> host_if_stub heartbeat=81 phase=ready_low set_ret=0 ready=0 cs=1 role=gateway_initiator backend=stub state=pre_spis
00> host_if_stub heartbeat=82 phase=ready_high set_ret=0 ready=1 cs=1 role=gateway_initiator backend=stub state=pre_spis
00> host_if_stub heartbeat=82 phase=ready_low set_ret=0 ready=0 cs=1 role=gateway_initiator backend=stub state=pre_spis
00> host_if_stub heartbeat=83 phase=ready_high set_ret=0 ready=1 cs=1 role=gateway_initiator backend=stub state=pre_spis
00> host_if_stub heartbeat=83 phase=ready_low set_ret=0 ready=0 cs=1 role=gateway_initiator backend=stub state=pre_spis
00> host_if_stub heartbeat=84 phase=ready_high set_ret=0 ready=1 cs=1 role=gateway_initiator backend=stub state=pre_spis
00> host_if_stub heartbeat=84 phase=ready_low set_ret=0 ready=0 cs=1 role=gateway_initiator backend=stub state=pre_spis
00> host_if_stub heartbeat=85 phase=ready_high set_ret=0 ready=1 cs=1 role=gateway_initiator backend=stub state=pre_spis
00> host_if_stub heartbeat=85 phase=ready_low set_ret=0 ready=0 cs=1 role=gateway_initiator backend=stub state=pre_spis
00> host_if_stub heartbeat=86 phase=ready_high set_ret=0 ready=1 cs=1 role=gateway_initiator backend=stub state=pre_spis
00> host_if_stub heartbeat=86 phase=ready_low set_ret=0 ready=0 cs=1 role=gateway_initiator backend=stub state=pre_spis
00> host_if_stub heartbeat=87 phase=ready_high set_ret=0 ready=1 cs=1 role=gateway_initiator backend=stub state=pre_spis
00> host_if_stub heartbeat=87 phase=ready_low set_ret=0 ready=0 cs=1 role=gateway_initiator backend=stub state=pre_spis
00> host_if_stub heartbeat=88 phase=ready_high set_ret=0 ready=1 cs=1 role=gateway_initiator backend=stub state=pre_spis
00> host_if_stub heartbeat=88 phase=ready_low set_ret=0 ready=0 cs=1 role=gateway_initiator backend=stub state=pre_spis
00> host_if_stub heartbeat=89 phase=ready_high set_ret=0 ready=1 cs=1 role=gateway_initiator backend=stub state=pre_spis
00> host_if_stub heartbeat=89 phase=ready_low set_ret=0 ready=0 cs=1 role=gateway_initiator backend=stub state=pre_spis
00> host_if_stub heartbeat=90 phase=ready_high set_ret=0 ready=1 cs=1 role=gateway_initiator backend=stub state=pre_spis
00> host_if_stub heartbeat=90 phase=ready_low set_ret=0 ready=0 cs=1 role=gateway_initiator backend=stub state=pre_spis
00> host_if_stub heartbeat=91 phase=ready_high set_ret=0 ready=1 cs=1 role=gateway_initiator backend=stub state=pre_spis
00> host_if_stub heartbeat=91 phase=ready_low set_ret=0 ready=0 cs=1 role=gateway_initiator backend=stub state=pre_spis
00> host_if_stub heartbeat=92 phase=ready_high set_ret=0 ready=1 cs=1 role=gateway_initiator backend=stub state=pre_spis
00> host_if_stub heartbeat=92 phase=ready_low set_ret=0 ready=0 cs=1 role=gateway_initiator backend=stub state=pre_spis
00> host_if_stub heartbeat=93 phase=ready_high set_ret=0 ready=1 cs=1 role=gateway_initiator backend=stub state=pre_spis
00> host_if_stub heartbeat=93 phase=ready_low set_ret=0 ready=0 cs=1 role=gateway_initiator backend=stub state=pre_spis
00> host_if_stub heartbeat=94 phase=ready_high set_ret=0 ready=1 cs=1 role=gateway_initiator backend=stub state=pre_spis
00> host_if_stub heartbeat=94 phase=ready_low set_ret=0 ready=0 cs=1 role=gateway_initiator backend=stub state=pre_spis
00> host_if_stub heartbeat=95 phase=ready_high set_ret=0 ready=1 cs=1 role=gateway_initiator backend=stub state=pre_spis
00> host_if_stub heartbeat=95 phase=ready_low set_ret=0 ready=0 cs=1 role=gateway_initiator backend=stub state=pre_spis
00> host_if_stub heartbeat=96 phase=ready_high set_ret=0 ready=1 cs=1 role=gateway_initiator backend=stub state=pre_spis
00> host_if_stub heartbeat=96 phase=ready_low set_ret=0 ready=0 cs=1 role=gateway_initiator backend=stub state=pre_spis
00> host_if_stub heartbeat=97 phase=ready_high set_ret=0 ready=1 cs=1 role=gateway_initiator backend=stub state=pre_spis
00> host_if_stub heartbeat=97 phase=ready_low set_ret=0 ready=0 cs=1 role=gateway_initiator backend=stub state=pre_spis
00> host_if_stub heartbeat=98 phase=ready_high set_ret=0 ready=1 cs=1 role=gateway_initiator backend=stub state=pre_spis
00> host_if_stub heartbeat=98 phase=ready_low set_ret=0 ready=0 cs=1 role=gateway_initiator backend=stub state=pre_spis
00> host_if_stub heartbeat=99 phase=ready_high set_ret=0 ready=1 cs=1 role=gateway_initiator backend=stub state=pre_spis
00> host_if_stub heartbeat=99 phase=ready_low set_ret=0 ready=0 cs=1 role=gateway_initiator backend=stub state=pre_spis
00> host_if_stub heartbeat=100 phase=ready_high set_ret=0 ready=1 cs=1 role=gateway_initiator backend=stub state=pre_spis
00> host_if_stub heartbeat=100 phase=ready_low set_ret=0 ready=0 cs=1 role=gateway_initiator backend=stub state=pre_spis
00> host_if_stub heartbeat=101 phase=ready_high set_ret=0 ready=1 cs=1 role=gateway_initiator backend=stub state=pre_spis
00> host_if_stub heartbeat=101 phase=ready_low set_ret=0 ready=0 cs=1 role=gateway_initiator backend=stub state=pre_spis
00> host_if_stub heartbeat=102 phase=ready_high set_ret=0 ready=1 cs=1 role=gateway_initiator backend=stub state=pre_spis
00> host_if_stub heartbeat=102 phase=ready_low set_ret=0 ready=0 cs=1 role=gateway_initiator backend=stub state=pre_spis
00> host_if_stub heartbeat=103 phase=ready_high set_ret=0 ready=1 cs=1 role=gateway_initiator backend=stub state=pre_spis
00> host_if_stub heartbeat=103 phase=ready_low set_ret=0 ready=0 cs=1 role=gateway_initiator backend=stub state=pre_spis
00> host_if_stub heartbeat=104 phase=ready_high set_ret=0 ready=1 cs=1 role=gateway_initiator backend=stub state=pre_spis
00> host_if_stub heartbeat=104 phase=ready_low set_ret=0 ready=0 cs=1 role=gateway_initiator backend=stub state=pre_spis
00> host_if_stub heartbeat=105 phase=ready_high set_ret=0 ready=1 cs=1 role=gateway_initiator backend=stub state=pre_spis
00> host_if_stub heartbeat=105 phase=ready_low set_ret=0 ready=0 cs=1 role=gateway_initiator backend=stub state=pre_spis
00> host_if_stub heartbeat=106 phase=ready_high set_ret=0 ready=1 cs=1 role=gateway_initiator backend=stub state=pre_spis
00> host_if_stub heartbeat=106 phase=ready_low set_ret=0 ready=0 cs=1 role=gateway_initiator backend=stub state=pre_spis
00> host_if_stub heartbeat=107 phase=ready_high set_ret=0 ready=1 cs=1 role=gateway_initiator backend=stub state=pre_spis
00> host_if_stub heartbeat=107 phase=ready_low set_ret=0 ready=0 cs=1 role=gateway_initiator backend=stub state=pre_spis
00> host_if_stub heartbeat=108 phase=ready_high set_ret=0 ready=1 cs=1 role=gateway_initiator backend=stub state=pre_spis
00> host_if_stub heartbeat=108 phase=ready_low set_ret=0 ready=0 cs=1 role=gateway_initiator backend=stub state=pre_spis
00> host_if_stub heartbeat=109 phase=ready_high set_ret=0 ready=1 cs=1 role=gateway_initiator backend=stub state=pre_spis
00> host_if_stub heartbeat=109 phase=ready_low set_ret=0 ready=0 cs=1 role=gateway_initiator backend=stub state=pre_spis
00> host_if_stub heartbeat=110 phase=ready_high set_ret=0 ready=1 cs=1 role=gateway_initiator backend=stub state=pre_spis
00> host_if_stub heartbeat=110 phase=ready_low set_ret=0 ready=0 cs=1 role=gateway_initiator backend=stub state=pre_spis
00> host_if_stub heartbeat=111 phase=ready_high set_ret=0 ready=1 cs=1 role=gateway_initiator backend=stub state=pre_spis
00> host_if_stub heartbeat=111 phase=ready_low set_ret=0 ready=0 cs=1 role=gateway_initiator backend=stub state=pre_spis
00> host_if_stub heartbeat=112 phase=ready_high set_ret=0 ready=1 cs=1 role=gateway_initiator backend=stub state=pre_spis
00> host_if_stub heartbeat=112 phase=ready_low set_ret=0 ready=0 cs=1 role=gateway_initiator backend=stub state=pre_spis
00> host_if_stub heartbeat=113 phase=ready_high set_ret=0 ready=1 cs=1 role=gateway_initiator backend=stub state=pre_spis
00> host_if_stub heartbeat=113 phase=ready_low set_ret=0 ready=0 cs=1 role=gateway_initiator backend=stub state=pre_spis
00> host_if_stub heartbeat=114 phase=ready_high set_ret=0 ready=1 cs=1 role=gateway_initiator backend=stub state=pre_spis
00> host_if_stub heartbeat=114 phase=ready_low set_ret=0 ready=0 cs=1 role=gateway_initiator backend=stub state=pre_spis
00> host_if_stub heartbeat=115 phase=ready_high set_ret=0 ready=1 cs=1 role=gateway_initiator backend=stub state=pre_spis
00> host_if_stub heartbeat=115 phase=ready_low set_ret=0 ready=0 cs=1 role=gateway_initiator backend=stub state=pre_spis
00> host_if_stub heartbeat=116 phase=ready_high set_ret=0 ready=1 cs=1 role=gateway_initiator backend=stub state=pre_spis
00> host_if_stub heartbeat=116 phase=ready_low set_ret=0 ready=0 cs=1 role=gateway_initiator backend=stub state=pre_spis
00> host_if_stub heartbeat=117 phase=ready_high set_ret=0 ready=1 cs=1 role=gateway_initiator backend=stub state=pre_spis
00> host_if_stub heartbeat=117 phase=ready_low set_ret=0 ready=0 cs=1 role=gateway_initiator backend=stub state=pre_spis
00> host_if_stub heartbeat=118 phase=ready_high set_ret=0 ready=1 cs=1 role=gateway_initiator backend=stub state=pre_spis
00> host_if_stub heartbeat=118 phase=ready_low set_ret=0 ready=0 cs=1 role=gateway_initiator backend=stub state=pre_spis
00> host_if_stub heartbeat=119 phase=ready_high set_ret=0 ready=1 cs=1 role=gateway_initiator backend=stub state=pre_spis
00> host_if_stub heartbeat=119 phase=ready_low set_ret=0 ready=0 cs=1 role=gateway_initiator backend=stub state=pre_spis
00> host_if_stub heartbeat=120 phase=ready_high set_ret=0 ready=1 cs=1 role=gateway_initiator backend=stub state=pre_spis
00> host_if_stub heartbeat=120 phase=ready_low set_ret=0 ready=0 cs=1 role=gateway_initiator backend=stub state=pre_spis
00> host_if_stub heartbeat=121 phase=ready_high set_ret=0 ready=1 cs=1 role=gateway_initiator backend=stub state=pre_spis
00> host_if_stub heartbeat=121 phase=ready_low set_ret=0 ready=0 cs=1 role=gateway_initiator backend=stub state=pre_spis
00> host_if_stub heartbeat=122 phase=ready_high set_ret=0 ready=1 cs=1 role=gateway_initiator backend=stub state=pre_spis
00> host_if_stub heartbeat=122 phase=ready_low set_ret=0 ready=0 cs=1 role=gateway_initiator backend=stub state=pre_spis
00> host_if_stub heartbeat=123 phase=ready_high set_ret=0 ready=1 cs=1 role=gateway_initiator backend=stub state=pre_spis
00> host_if_stub heartbeat=123 phase=ready_low set_ret=0 ready=0 cs=1 role=gateway_initiator backend=stub state=pre_spis
00> host_if_stub heartbeat=124 phase=ready_high set_ret=0 ready=1 cs=1 role=gateway_initiator backend=stub state=pre_spis
00> host_if_stub heartbeat=124 phase=ready_low set_ret=0 ready=0 cs=1 role=gateway_initiator backend=stub state=pre_spis
00> host_if_stub heartbeat=125 phase=ready_high set_ret=0 ready=1 cs=1 role=gateway_initiator backend=stub state=pre_spis
00> host_if_stub heartbeat=125 phase=ready_low set_ret=0 ready=0 cs=1 role=gateway_initiator backend=stub state=pre_spis
00> host_if_stub heartbeat=126 phase=ready_high set_ret=0 ready=1 cs=1 role=gateway_initiator backend=stub state=pre_spis
00> host_if_stub heartbeat=126 phase=ready_low set_ret=0 ready=0 cs=1 role=gateway_initiator backend=stub state=pre_spis
00> host_if_stub heartbeat=127 phase=ready_high set_ret=0 ready=1 cs=1 role=gateway_initiator backend=stub state=pre_spis
00> host_if_stub heartbeat=127 phase=ready_low set_ret=0 ready=0 cs=1 role=gateway_initiator backend=stub state=pre_spis
00> host_if_stub heartbeat=128 phase=ready_high set_ret=0 ready=1 cs=1 role=gateway_initiator backend=stub state=pre_spis
00> host_if_stub heartbeat=128 phase=ready_low set_ret=0 ready=0 cs=1 role=gateway_initiator backend=stub state=pre_spis
00> host_if_stub heartbeat=129 phase=ready_high set_ret=0 ready=1 cs=1 role=gateway_initiator backend=stub state=pre_spis
00> host_if_stub heartbeat=129 phase=ready_low set_ret=0 ready=0 cs=1 role=gateway_initiator backend=stub state=pre_spis
00> host_if_stub heartbeat=130 phase=ready_high set_ret=0 ready=1 cs=1 role=gateway_initiator backend=stub state=pre_spis
00> host_if_stub heartbeat=130 phase=ready_low set_ret=0 ready=0 cs=1 role=gateway_initiator backend=stub state=pre_spis
00> host_if_stub heartbeat=131 phase=ready_high set_ret=0 ready=1 cs=1 role=gateway_initiator backend=stub state=pre_spis
00> host_if_stub heartbeat=131 phase=ready_low set_ret=0 ready=0 cs=1 role=gateway_initiator backend=stub state=pre_spis
00> host_if_stub heartbeat=132 phase=ready_high set_ret=0 ready=1 cs=1 role=gateway_initiator backend=stub state=pre_spis
00> host_if_stub heartbeat=132 phase=ready_low set_ret=0 ready=0 cs=1 role=gateway_initiator backend=stub state=pre_spis
00> host_if_stub heartbeat=133 phase=ready_high set_ret=0 ready=1 cs=1 role=gateway_initiator backend=stub state=pre_spis
00> host_if_stub heartbeat=133 phase=ready_low set_ret=0 ready=0 cs=1 role=gateway_initiator backend=stub state=pre_spis
00> host_if_stub heartbeat=134 phase=ready_high set_ret=0 ready=1 cs=1 role=gateway_initiator backend=stub state=pre_spis
00> host_if_stub heartbeat=134 phase=ready_low set_ret=0 ready=0 cs=1 role=gateway_initiator backend=stub state=pre_spis
00> host_if_stub heartbeat=135 phase=ready_high set_ret=0 ready=1 cs=1 role=gateway_initiator backend=stub state=pre_spis
00> host_if_stub heartbeat=135 phase=ready_low set_ret=0 ready=0 cs=1 role=gateway_initiator backend=stub state=pre_spis
00> host_if_stub heartbeat=136 phase=ready_high set_ret=0 ready=1 cs=1 role=gateway_initiator backend=stub state=pre_spis
00> host_if_stub heartbeat=136 phase=ready_low set_ret=0 ready=0 cs=1 role=gateway_initiator backend=stub state=pre_spis
00> host_if_stub heartbeat=137 phase=ready_high set_ret=0 ready=1 cs=1 role=gateway_initiator backend=stub state=pre_spis
00> host_if_stub heartbeat=137 phase=ready_low set_ret=0 ready=0 cs=1 role=gateway_initiator backend=stub state=pre_spis
00> host_if_stub heartbeat=138 phase=ready_high set_ret=0 ready=1 cs=1 role=gateway_initiator backend=stub state=pre_spis
00> host_if_stub heartbeat=138 phase=ready_low set_ret=0 ready=0 cs=1 role=gateway_initiator backend=stub state=pre_spis
00> host_if_stub heartbeat=139 phase=ready_high set_ret=0 ready=1 cs=1 role=gateway_initiator backend=stub state=pre_spis
00> host_if_stub heartbeat=139 phase=ready_low set_ret=0 ready=0 cs=1 role=gateway_initiator backend=stub state=pre_spis
00> host_if_stub heartbeat=140 phase=ready_high set_ret=0 ready=1 cs=1 role=gateway_initiator backend=stub state=pre_spis
00> host_if_stub heartbeat=140 phase=ready_low set_ret=0 ready=0 cs=1 role=gateway_initiator backend=stub state=pre_spis
00> host_if_stub heartbeat=141 phase=ready_high set_ret=0 ready=1 cs=1 role=gateway_initiator backend=stub state=pre_spis
00> host_if_stub heartbeat=141 phase=ready_low set_ret=0 ready=0 cs=1 role=gateway_initiator backend=stub state=pre_spis
00> host_if_stub heartbeat=142 phase=ready_high set_ret=0 ready=1 cs=1 role=gateway_initiator backend=stub state=pre_spis
00> host_if_stub heartbeat=142 phase=ready_low set_ret=0 ready=0 cs=1 role=gateway_initiator backend=stub state=pre_spis
00> host_if_stub heartbeat=143 phase=ready_high set_ret=0 ready=1 cs=1 role=gateway_initiator backend=stub state=pre_spis
00> host_if_stub heartbeat=143 phase=ready_low set_ret=0 ready=0 cs=1 role=gateway_initiator backend=stub state=pre_spis
00> host_if_stub heartbeat=144 phase=ready_high set_ret=0 ready=1 cs=1 role=gateway_initiator backend=stub state=pre_spis
00> host_if_stub heartbeat=144 phase=ready_low set_ret=0 ready=0 cs=1 role=gateway_initiator backend=stub state=pre_spis
00> host_if_stub heartbeat=145 phase=ready_high set_ret=0 ready=1 cs=1 role=gateway_initiator backend=stub state=pre_spis
00> host_if_stub heartbeat=145 phase=ready_low set_ret=0 ready=0 cs=1 role=gateway_initiator backend=stub state=pre_spis
00> host_if_stub heartbeat=146 phase=ready_high set_ret=0 ready=1 cs=1 role=gateway_initiator backend=stub state=pre_spis
00> host_if_stub heartbeat=146 phase=ready_low set_ret=0 ready=0 cs=1 role=gateway_initiator backend=stub state=pre_spis
00> host_if_stub heartbeat=147 phase=ready_high set_ret=0 ready=1 cs=1 role=gateway_initiator backend=stub state=pre_spis
00> host_if_stub heartbeat=147 phase=ready_low set_ret=0 ready=0 cs=1 role=gateway_initiator backend=stub state=pre_spis
00> host_if_stub heartbeat=148 phase=ready_high set_ret=0 ready=1 cs=1 role=gateway_initiator backend=stub state=pre_spis
00> host_if_stub heartbeat=148 phase=ready_low set_ret=0 ready=0 cs=1 role=gateway_initiator backend=stub state=pre_spis
00> host_if_stub heartbeat=149 phase=ready_high set_ret=0 ready=1 cs=1 role=gateway_initiator backend=stub state=pre_spis
00> host_if_stub heartbeat=149 phase=ready_low set_ret=0 ready=0 cs=1 role=gateway_initiator backend=stub state=pre_spis
00> host_if_stub heartbeat=150 phase=ready_high set_ret=0 ready=1 cs=1 role=gateway_initiator backend=stub state=pre_spis
00> host_if_stub heartbeat=150 phase=ready_low set_ret=0 ready=0 cs=1 role=gateway_initiator backend=stub state=pre_spis
00> host_if_stub heartbeat=151 phase=ready_high set_ret=0 ready=1 cs=1 role=gateway_initiator backend=stub state=pre_spis
00> host_if_stub heartbeat=151 phase=ready_low set_ret=0 ready=0 cs=1 role=gateway_initiator backend=stub state=pre_spis
00> host_if_stub heartbeat=152 phase=ready_high set_ret=0 ready=1 cs=1 role=gateway_initiator backend=stub state=pre_spis

# Logging stopped @ 09 Jul 2026 22:19:27
